<?xml version="1.0" encoding="UTF-8"?>
<!-- Generated by org.testng.reporters.JUnitXMLReporter -->
<testsuite hostname="Sudhakar-PC" name="chromeTest" tests="4" failures="0" timestamp="28 Jul 2017 09:39:15 GMT" time="12.82" errors="0">
  <testcase name="test2" time="0.02" classname="crossbowser.verifypagetitle"/>
  <testcase name="test3" time="0.002" classname="crossbowser.verifypagetitle"/>
  <testcase name="test4" time="0.0" classname="crossbowser.verifypagetitle"/>
  <testcase name="verifyingpagetitle" time="12.771" classname="crossbowser.verifypagetitle"/>
</testsuite> <!-- chromeTest -->
