<?xml version="1.0" encoding="UTF-8"?>
<!-- Generated by org.testng.reporters.JUnitXMLReporter -->
<testsuite hostname="Sudhakar-PC" name="firefoxTest" tests="4" failures="0" timestamp="28 Jul 2017 09:39:21 GMT" time="18.858" errors="0">
  <testcase name="test2" time="0.019" classname="crossbowser.verifypagetitle"/>
  <testcase name="test3" time="0.05" classname="crossbowser.verifypagetitle"/>
  <testcase name="test4" time="0.001" classname="crossbowser.verifypagetitle"/>
  <testcase name="verifyingpagetitle" time="18.763" classname="crossbowser.verifypagetitle"/>
</testsuite> <!-- firefoxTest -->
